API running
2018-01-26 10:04:23=> db connected...
API running
2018-01-29 09:00:18=> db connected...
2018-01-29 09:00:18=>PROTOCOL_CONNECTION_LOST
2018-01-29 09:00:18=> db connected...
2018-01-29 09:00:18=>PROTOCOL_CONNECTION_LOST
2018-01-29 09:00:18=> db connected...
2018-01-29 09:00:18=>PROTOCOL_CONNECTION_LOST
2018-01-29 09:00:18=> db connected...
2018-01-29 09:00:18=>PROTOCOL_CONNECTION_LOST
2018-01-29 09:00:18=> db connected...
2018-01-29 09:00:18=>PROTOCOL_CONNECTION_LOST
2018-01-29 09:00:18=> db connected...
2018-01-29 09:00:18=>PROTOCOL_CONNECTION_LOST
2018-01-29 09:00:18=> db connected...
2018-01-29 09:00:18=>PROTOCOL_CONNECTION_LOST
2018-01-29 09:00:18=> db connected...
2018-01-29 09:00:18=>PROTOCOL_CONNECTION_LOST
2018-01-29 09:00:18=> db connected...
2018-01-29 09:00:18=>PROTOCOL_CONNECTION_LOST
2018-01-29 09:00:18=> db connected...
2018-01-29 09:00:18=>PROTOCOL_CONNECTION_LOST
2018-01-29 09:00:18=> db connected...
2018-01-29 09:00:18=>PROTOCOL_CONNECTION_LOST
2018-01-29 09:00:18=> db connected...
2018-01-29 09:00:18=>PROTOCOL_CONNECTION_LOST
2018-01-29 09:00:18=> db connected...
2018-01-29 09:00:18=>PROTOCOL_CONNECTION_LOST
2018-01-29 09:00:18=> db connected...
2018-01-29 09:00:18=>PROTOCOL_CONNECTION_LOST
2018-01-29 09:00:18=> db connected...
2018-01-29 09:00:18=>PROTOCOL_CONNECTION_LOST
2018-01-29 09:00:18=> db connected...
2018-01-29 09:00:18=>PROTOCOL_CONNECTION_LOST
2018-01-29 09:00:18=> db connected...
2018-01-29 09:00:18=>PROTOCOL_CONNECTION_LOST
2018-01-29 09:00:18=> db connected...
2018-01-29 09:00:18=>PROTOCOL_CONNECTION_LOST
2018-01-29 09:00:18=> db connected...
2018-01-29 09:00:18=>PROTOCOL_CONNECTION_LOST
2018-01-29 09:00:18=> db connected...
2018-01-29 09:00:18=>PROTOCOL_CONNECTION_LOST
2018-01-29 09:00:18=> db connected...
2018-01-29 09:00:18=>PROTOCOL_CONNECTION_LOST
2018-01-29 09:00:18=> db connected...
2018-01-29 09:00:18=>PROTOCOL_CONNECTION_LOST
2018-01-29 09:00:18=> db connected...
2018-01-29 09:00:18=>PROTOCOL_CONNECTION_LOST
2018-01-29 09:00:18=> db connected...
2018-01-29 09:00:18=>PROTOCOL_CONNECTION_LOST
2018-01-29 09:00:18=> db connected...
2018-01-29 09:00:18=>PROTOCOL_CONNECTION_LOST
2018-01-29 09:00:18=> db connected...
2018-01-29 09:00:18=>PROTOCOL_CONNECTION_LOST
2018-01-29 09:00:18=> db connected...
2018-01-29 09:00:18=>PROTOCOL_CONNECTION_LOST
2018-01-29 09:00:18=> db connected...
2018-01-29 09:00:18=>PROTOCOL_CONNECTION_LOST
2018-01-29 09:00:18=> db connected...
2018-01-29 09:00:18=>PROTOCOL_CONNECTION_LOST
2018-01-29 09:00:18=> db connected...
2018-01-29 09:00:18=>PROTOCOL_CONNECTION_LOST
2018-01-29 09:00:18=> db connected...
2018-01-29 09:00:18=>PROTOCOL_CONNECTION_LOST
2018-01-29 09:00:18=> db connected...
2018-01-29 09:00:18=>PROTOCOL_CONNECTION_LOST
2018-01-29 09:00:18=> db connected...
2018-01-29 09:00:18=>PROTOCOL_CONNECTION_LOST
2018-01-29 09:00:18=> db connected...
2018-01-29 09:00:18=>PROTOCOL_CONNECTION_LOST
2018-01-29 09:00:18=> db connected...
2018-01-29 09:00:18=>PROTOCOL_CONNECTION_LOST
2018-01-29 09:00:18=> db connected...
2018-01-29 09:00:18=>PROTOCOL_CONNECTION_LOST
2018-01-29 09:00:18=> db connected...
2018-01-29 09:00:18=>PROTOCOL_CONNECTION_LOST
2018-01-29 09:00:18=> db connected...
2018-01-29 09:00:18=>PROTOCOL_CONNECTION_LOST
2018-01-29 09:00:18=> db connected...
2018-01-29 09:00:18=>PROTOCOL_CONNECTION_LOST
2018-01-29 09:00:18=> db connected...
2018-01-29 09:00:18=>PROTOCOL_CONNECTION_LOST
2018-01-29 09:00:18=> db connected...
2018-01-29 09:00:18=>PROTOCOL_CONNECTION_LOST
2018-01-29 09:00:18=> db connected...
2018-01-29 09:00:18=>PROTOCOL_CONNECTION_LOST
2018-01-29 09:00:18=> db connected...
2018-01-29 09:00:18=>PROTOCOL_CONNECTION_LOST
2018-01-29 09:00:18=> db connected...
2018-01-29 09:00:18=>PROTOCOL_CONNECTION_LOST
2018-01-29 09:00:18=> db connected...
2018-01-29 09:00:18=>PROTOCOL_CONNECTION_LOST
2018-01-29 09:00:18=> db connected...
2018-01-29 09:00:18=>PROTOCOL_CONNECTION_LOST
2018-01-29 09:00:18=> db connected...
2018-01-29 09:00:18=>PROTOCOL_CONNECTION_LOST
2018-01-29 09:00:18=> db connected...
2018-01-29 09:00:18=>PROTOCOL_CONNECTION_LOST
2018-01-29 09:00:18=> db connected...
2018-01-29 09:00:18=>PROTOCOL_CONNECTION_LOST
2018-01-29 09:00:18=> db connected...
2018-01-29 09:00:18=>PROTOCOL_CONNECTION_LOST
2018-01-29 09:00:18=> db connected...
2018-01-29 09:00:18=>PROTOCOL_CONNECTION_LOST
2018-01-29 09:00:18=> db connected...
2018-01-29 09:00:18=>PROTOCOL_CONNECTION_LOST
2018-01-29 09:00:18=> db connected...
2018-01-29 09:00:18=>PROTOCOL_CONNECTION_LOST
2018-01-29 09:00:18=> db connected...
2018-01-29 09:00:18=>PROTOCOL_CONNECTION_LOST
2018-01-29 09:00:18=> db connected...
2018-01-29 09:00:18=>PROTOCOL_CONNECTION_LOST
2018-01-29 09:00:18=> db connected...
2018-01-29 09:00:18=>PROTOCOL_CONNECTION_LOST
2018-01-29 09:00:18=> db connected...
2018-01-29 09:00:18=>PROTOCOL_CONNECTION_LOST
2018-01-29 09:00:18=> db connected...
2018-01-29 09:00:18=>PROTOCOL_CONNECTION_LOST
2018-01-29 09:00:18=> db connected...
2018-01-29 09:00:18=>PROTOCOL_CONNECTION_LOST
2018-01-29 09:00:18=> db connected...
2018-01-29 09:00:18=>PROTOCOL_CONNECTION_LOST
2018-01-29 09:00:18=> db connected...
2018-01-29 09:00:18=>PROTOCOL_CONNECTION_LOST
2018-01-29 09:00:18=> db connected...
2018-01-29 09:00:18=>PROTOCOL_CONNECTION_LOST
2018-01-29 09:00:18=> db connected...
2018-01-29 09:00:18=>PROTOCOL_CONNECTION_LOST
2018-01-29 09:00:18=> db connected...
2018-01-29 09:00:18=>PROTOCOL_CONNECTION_LOST
2018-01-29 09:00:18=> db connected...
2018-01-29 09:00:18=>PROTOCOL_CONNECTION_LOST
2018-01-29 09:00:18=> db connected...
2018-01-29 09:00:18=>PROTOCOL_CONNECTION_LOST
2018-01-29 09:00:18=> db connected...
2018-01-29 09:00:18=>PROTOCOL_CONNECTION_LOST
2018-01-29 09:00:18=> db connected...
2018-01-29 09:00:18=>PROTOCOL_CONNECTION_LOST
2018-01-29 09:00:18=> db connected...
2018-01-29 09:00:18=>PROTOCOL_CONNECTION_LOST
2018-01-29 09:00:18=> db connected...
2018-01-29 09:00:18=>PROTOCOL_CONNECTION_LOST
2018-01-29 09:00:18=> db connected...
2018-01-29 09:00:18=>PROTOCOL_CONNECTION_LOST
2018-01-29 09:00:18=> db connected...
2018-01-29 09:00:18=>PROTOCOL_CONNECTION_LOST
2018-01-29 09:00:18=> db connected...
2018-01-29 09:00:18=>PROTOCOL_CONNECTION_LOST
2018-01-29 09:00:18=> db connected...
2018-01-29 09:00:18=>PROTOCOL_CONNECTION_LOST
2018-01-29 09:00:18=> db connected...
2018-01-29 09:00:18=>PROTOCOL_CONNECTION_LOST
2018-01-29 09:00:18=> db connected...
2018-01-29 09:00:18=>PROTOCOL_CONNECTION_LOST
2018-01-29 09:00:18=> db connected...
2018-01-29 09:00:18=>PROTOCOL_CONNECTION_LOST
2018-01-29 09:00:18=> db connected...
2018-01-29 09:00:18=>PROTOCOL_CONNECTION_LOST
2018-01-29 09:00:18=> db connected...
2018-01-29 09:00:18=>PROTOCOL_CONNECTION_LOST
2018-01-29 09:00:18=> db connected...
2018-01-29 09:00:18=>PROTOCOL_CONNECTION_LOST
2018-01-29 09:00:18=> db connected...
2018-01-29 09:00:18=>PROTOCOL_CONNECTION_LOST
2018-01-29 09:00:18=> db connected...
2018-01-29 09:00:18=>PROTOCOL_CONNECTION_LOST
2018-01-29 09:00:18=> db connected...
2018-01-29 09:00:18=>PROTOCOL_CONNECTION_LOST
2018-01-29 09:00:18=> db connected...
2018-01-29 09:00:18=>PROTOCOL_CONNECTION_LOST
2018-01-29 09:00:18=> db connected...
2018-01-29 09:00:18=>PROTOCOL_CONNECTION_LOST
2018-01-29 09:00:18=> db connected...
2018-01-29 09:00:18=>PROTOCOL_CONNECTION_LOST
2018-01-29 09:00:18=> db connected...
2018-01-29 09:00:18=>PROTOCOL_CONNECTION_LOST
2018-01-29 09:00:18=> db connected...
2018-01-29 09:00:18=>PROTOCOL_CONNECTION_LOST
2018-01-29 09:00:18=> db connected...
2018-01-29 09:00:18=>PROTOCOL_CONNECTION_LOST
2018-01-29 09:00:18=> db connected...
2018-01-29 09:00:18=>PROTOCOL_CONNECTION_LOST
2018-01-29 09:00:18=> db connected...
2018-01-29 09:00:18=>PROTOCOL_CONNECTION_LOST
2018-01-29 09:00:18=> db connected...
2018-01-29 09:00:18=>PROTOCOL_CONNECTION_LOST
2018-01-29 09:00:18=> db connected...
2018-01-29 09:00:18=>PROTOCOL_CONNECTION_LOST
2018-01-29 09:00:18=> db connected...
2018-01-29 09:00:18=>PROTOCOL_CONNECTION_LOST
2018-01-29 09:00:18=> db connected...
2018-01-29 09:00:18=>PROTOCOL_CONNECTION_LOST
2018-01-29 09:00:18=> db connected...
2018-01-29 09:00:18=>PROTOCOL_CONNECTION_LOST
2018-01-29 09:00:18=> db connected...
2018-01-29 09:00:18=>PROTOCOL_CONNECTION_LOST
2018-01-29 09:00:18=> db connected...
2018-01-29 09:00:18=>PROTOCOL_CONNECTION_LOST
2018-01-29 09:00:18=> db connected...
2018-01-29 09:00:18=>PROTOCOL_CONNECTION_LOST
2018-01-29 09:00:18=> db connected...
2018-01-29 09:00:18=>PROTOCOL_CONNECTION_LOST
2018-01-29 09:00:18=> db connected...
2018-01-29 09:00:18=>PROTOCOL_CONNECTION_LOST
2018-01-29 09:00:18=> db connected...
2018-01-29 09:00:18=>PROTOCOL_CONNECTION_LOST
2018-01-29 09:00:18=> db connected...
2018-01-29 09:00:18=>PROTOCOL_CONNECTION_LOST
2018-01-29 09:00:18=> db connected...
2018-01-29 09:00:18=>PROTOCOL_CONNECTION_LOST
2018-01-29 09:00:18=> db connected...
2018-01-29 09:00:18=>PROTOCOL_CONNECTION_LOST
2018-01-29 09:00:18=> db connected...
2018-01-29 09:00:18=>PROTOCOL_CONNECTION_LOST
2018-01-29 09:00:18=> db connected...
2018-01-29 09:00:18=>PROTOCOL_CONNECTION_LOST
2018-01-29 09:00:18=> db connected...
2018-01-29 09:00:18=>PROTOCOL_CONNECTION_LOST
2018-01-29 09:00:18=> db connected...
2018-01-29 09:00:18=>PROTOCOL_CONNECTION_LOST
2018-01-29 09:00:18=> db connected...
2018-01-29 09:00:18=>PROTOCOL_CONNECTION_LOST
2018-01-29 09:00:18=> db connected...
2018-01-29 09:00:18=>PROTOCOL_CONNECTION_LOST
2018-01-29 09:00:18=> db connected...
2018-01-29 09:00:18=>PROTOCOL_CONNECTION_LOST
2018-01-29 09:00:18=> db connected...
2018-01-29 09:00:18=>PROTOCOL_CONNECTION_LOST
2018-01-29 09:00:18=> db connected...
2018-01-29 09:00:18=>PROTOCOL_CONNECTION_LOST
2018-01-29 09:00:18=> db connected...
2018-01-29 09:00:18=>PROTOCOL_CONNECTION_LOST
2018-01-29 09:00:18=> db connected...
2018-01-29 09:00:18=>PROTOCOL_CONNECTION_LOST
2018-01-29 09:00:18=> db connected...
2018-01-29 09:00:18=>PROTOCOL_CONNECTION_LOST
2018-01-29 09:00:18=> db connected...
2018-01-29 09:00:18=>PROTOCOL_CONNECTION_LOST
2018-01-29 09:00:18=> db connected...
2018-01-29 09:00:18=>PROTOCOL_CONNECTION_LOST
2018-01-29 09:00:18=> db connected...
2018-01-29 09:00:18=>PROTOCOL_CONNECTION_LOST
2018-01-29 09:00:18=> db connected...
2018-01-29 09:00:18=>PROTOCOL_CONNECTION_LOST
2018-01-29 09:00:18=> db connected...
2018-01-29 09:00:18=>PROTOCOL_CONNECTION_LOST
2018-01-29 09:00:18=> db connected...
2018-01-29 09:00:18=>PROTOCOL_CONNECTION_LOST
2018-01-29 09:00:18=> db connected...
2018-01-29 09:00:18=>PROTOCOL_CONNECTION_LOST
2018-01-29 09:00:18=> db connected...
2018-01-29 09:00:18=>PROTOCOL_CONNECTION_LOST
2018-01-29 09:00:18=> db connected...
2018-01-29 09:00:18=>PROTOCOL_CONNECTION_LOST
2018-01-29 09:00:18=> db connected...
2018-01-29 09:00:18=>PROTOCOL_CONNECTION_LOST
2018-01-29 09:00:18=> db connected...
2018-01-29 09:00:18=>PROTOCOL_CONNECTION_LOST
2018-01-29 09:00:18=> db connected...
2018-01-29 09:00:18=>PROTOCOL_CONNECTION_LOST
2018-01-29 09:00:18=> db connected...
2018-01-29 09:00:18=>PROTOCOL_CONNECTION_LOST
2018-01-29 09:00:18=> db connected...
2018-01-29 09:00:18=>PROTOCOL_CONNECTION_LOST
2018-01-29 09:00:18=> db connected...
2018-01-29 09:00:18=>PROTOCOL_CONNECTION_LOST
2018-01-29 09:00:18=> db connected...
2018-01-29 09:00:18=>PROTOCOL_CONNECTION_LOST
2018-01-29 09:00:18=> db connected...
2018-01-29 09:00:18=>PROTOCOL_CONNECTION_LOST
2018-01-29 09:00:18=> db connected...
2018-01-29 09:00:18=>PROTOCOL_CONNECTION_LOST
2018-01-29 09:00:18=> db connected...
2018-01-29 09:00:18=>PROTOCOL_CONNECTION_LOST
2018-01-29 09:00:18=> db connected...
2018-01-29 09:00:18=>PROTOCOL_CONNECTION_LOST
2018-01-29 09:00:18=> db connected...
2018-01-29 09:00:18=>PROTOCOL_CONNECTION_LOST
2018-01-29 09:00:18=> db connected...
2018-01-29 09:00:18=>PROTOCOL_CONNECTION_LOST
2018-01-29 09:00:18=> db connected...
2018-01-29 09:00:18=>PROTOCOL_CONNECTION_LOST
2018-01-29 09:00:18=> db connected...
2018-01-29 09:00:18=>PROTOCOL_CONNECTION_LOST
2018-01-29 09:00:18=> db connected...
2018-01-29 09:00:18=>PROTOCOL_CONNECTION_LOST
2018-01-29 09:00:18=> db connected...
2018-01-29 09:00:18=>PROTOCOL_CONNECTION_LOST
2018-01-29 09:00:18=> db connected...
2018-01-29 09:00:18=>PROTOCOL_CONNECTION_LOST
2018-01-29 09:00:18=> db connected...
2018-01-29 09:00:18=>PROTOCOL_CONNECTION_LOST
2018-01-29 09:00:18=> db connected...
2018-01-29 09:00:18=>PROTOCOL_CONNECTION_LOST
2018-01-29 09:00:18=> db connected...
2018-01-29 09:00:18=>PROTOCOL_CONNECTION_LOST
2018-01-29 09:00:18=> db connected...
2018-01-29 09:00:18=>PROTOCOL_CONNECTION_LOST
2018-01-29 09:00:18=> db connected...
2018-01-29 09:00:18=>PROTOCOL_CONNECTION_LOST
2018-01-29 09:00:18=> db connected...
2018-01-29 09:00:18=>PROTOCOL_CONNECTION_LOST
2018-01-29 09:00:18=> db connected...
2018-01-29 09:00:18=>PROTOCOL_CONNECTION_LOST
2018-01-29 09:00:18=> db connected...
2018-01-29 09:00:18=>PROTOCOL_CONNECTION_LOST
2018-01-29 09:00:18=> db connected...
2018-01-29 09:00:18=>PROTOCOL_CONNECTION_LOST
2018-01-29 09:00:18=> db connected...
2018-01-29 09:00:18=>PROTOCOL_CONNECTION_LOST
2018-01-29 09:00:18=> db connected...
2018-01-29 09:00:18=>PROTOCOL_CONNECTION_LOST
2018-01-29 09:00:18=> db connected...
2018-01-29 09:00:18=>PROTOCOL_CONNECTION_LOST
2018-01-29 09:00:18=> db connected...
2018-01-29 09:00:18=>PROTOCOL_CONNECTION_LOST
2018-01-29 09:00:18=> db connected...
2018-01-29 09:00:18=>PROTOCOL_CONNECTION_LOST
2018-01-29 09:00:18=> db connected...
2018-01-29 09:00:18=>PROTOCOL_CONNECTION_LOST
2018-01-29 09:00:18=> db connected...
2018-01-29 09:00:18=>PROTOCOL_CONNECTION_LOST
2018-01-29 09:00:18=> db connected...
2018-01-29 09:00:18=>PROTOCOL_CONNECTION_LOST
2018-01-29 09:00:18=> db connected...
2018-01-29 09:00:18=>PROTOCOL_CONNECTION_LOST
2018-01-29 09:00:18=> db connected...
2018-01-29 09:00:18=>PROTOCOL_CONNECTION_LOST
2018-01-29 09:00:18=> db connected...
2018-01-29 09:00:18=>PROTOCOL_CONNECTION_LOST
2018-01-29 09:00:18=> db connected...
2018-01-29 09:00:18=>PROTOCOL_CONNECTION_LOST
2018-01-29 09:00:18=> db connected...
2018-01-29 09:00:18=>PROTOCOL_CONNECTION_LOST
2018-01-29 09:00:18=> db connected...
2018-01-29 09:00:18=>PROTOCOL_CONNECTION_LOST
2018-01-29 09:00:18=> db connected...
2018-01-29 09:00:18=>PROTOCOL_CONNECTION_LOST
2018-01-29 09:00:18=> db connected...
2018-01-29 09:00:18=>PROTOCOL_CONNECTION_LOST
2018-01-29 09:00:18=> db connected...
2018-01-29 09:00:18=>PROTOCOL_CONNECTION_LOST
2018-01-29 09:00:18=> db connected...
2018-01-29 09:00:18=>PROTOCOL_CONNECTION_LOST
2018-01-29 09:00:18=> db connected...
2018-01-29 09:00:18=>PROTOCOL_CONNECTION_LOST
2018-01-29 09:00:18=> db connected...
2018-01-29 09:00:18=>PROTOCOL_CONNECTION_LOST
2018-01-29 09:00:18=> db connected...
2018-01-29 09:00:18=>PROTOCOL_CONNECTION_LOST
2018-01-29 09:00:18=> db connected...
2018-01-29 09:00:18=>PROTOCOL_CONNECTION_LOST
2018-01-29 09:00:18=> db connected...
2018-01-29 09:00:18=>PROTOCOL_CONNECTION_LOST
2018-01-29 09:00:18=> db connected...
2018-01-29 09:00:18=>PROTOCOL_CONNECTION_LOST
2018-01-29 09:00:18=> db connected...
2018-01-29 09:00:18=>PROTOCOL_CONNECTION_LOST
2018-01-29 09:00:18=> db connected...
2018-01-29 09:00:18=>PROTOCOL_CONNECTION_LOST
2018-01-29 09:00:18=> db connected...
2018-01-29 09:00:18=>PROTOCOL_CONNECTION_LOST
2018-01-29 09:00:18=> db connected...
2018-01-29 09:00:18=>PROTOCOL_CONNECTION_LOST
2018-01-29 09:00:18=> db connected...
2018-01-29 09:00:18=>PROTOCOL_CONNECTION_LOST
2018-01-29 09:00:18=> db connected...
2018-01-29 09:00:18=>PROTOCOL_CONNECTION_LOST
2018-01-29 09:00:18=> db connected...
2018-01-29 09:00:18=>PROTOCOL_CONNECTION_LOST
2018-01-29 09:00:18=> db connected...
2018-01-29 09:00:18=>PROTOCOL_CONNECTION_LOST
2018-01-29 09:00:18=> db connected...
2018-01-29 09:00:18=>PROTOCOL_CONNECTION_LOST
2018-01-29 09:00:18=> db connected...
2018-01-29 09:00:18=>PROTOCOL_CONNECTION_LOST
2018-01-29 09:00:18=> db connected...
2018-01-29 09:00:18=>PROTOCOL_CONNECTION_LOST
2018-01-29 09:00:18=> db connected...
2018-01-29 09:00:18=>PROTOCOL_CONNECTION_LOST
2018-01-29 09:00:18=> db connected...
2018-01-29 09:00:18=>PROTOCOL_CONNECTION_LOST
2018-01-29 09:00:18=> db connected...
2018-01-29 09:00:18=>PROTOCOL_CONNECTION_LOST
2018-01-29 09:00:18=> db connected...
2018-01-29 09:00:18=>PROTOCOL_CONNECTION_LOST
2018-01-29 09:00:18=> db connected...
2018-01-29 09:00:18=>PROTOCOL_CONNECTION_LOST
2018-01-29 09:00:18=> db connected...
2018-01-29 09:00:18=>PROTOCOL_CONNECTION_LOST
2018-01-29 09:00:18=> db connected...
2018-01-29 09:00:18=>PROTOCOL_CONNECTION_LOST
2018-01-29 09:00:18=> db connected...
2018-01-29 09:00:18=>PROTOCOL_CONNECTION_LOST
2018-01-29 09:00:18=> db connected...
2018-01-29 09:00:18=>PROTOCOL_CONNECTION_LOST
2018-01-29 09:00:18=> db connected...
2018-01-29 09:00:18=>PROTOCOL_CONNECTION_LOST
2018-01-29 09:00:18=> db connected...
2018-01-29 09:00:18=>PROTOCOL_CONNECTION_LOST
2018-01-29 09:00:18=> db connected...
2018-01-29 09:00:18=>PROTOCOL_CONNECTION_LOST
2018-01-29 09:00:18=> db connected...
2018-01-29 09:00:18=>PROTOCOL_CONNECTION_LOST
2018-01-29 09:00:18=> db connected...
2018-01-29 09:00:18=>PROTOCOL_CONNECTION_LOST
2018-01-29 09:00:18=> db connected...
2018-01-29 09:00:18=>PROTOCOL_CONNECTION_LOST
2018-01-29 09:00:18=> db connected...
2018-01-29 09:00:18=>PROTOCOL_CONNECTION_LOST
2018-01-29 09:00:18=> db connected...
2018-01-29 09:00:18=>PROTOCOL_CONNECTION_LOST
2018-01-29 09:00:18=> db connected...
2018-01-29 09:00:18=>PROTOCOL_CONNECTION_LOST
2018-01-29 09:00:18=> db connected...
2018-01-29 09:00:18=>PROTOCOL_CONNECTION_LOST
2018-01-29 09:00:18=> db connected...
2018-01-29 09:00:18=>PROTOCOL_CONNECTION_LOST
2018-01-29 09:00:18=> db connected...
2018-01-29 09:00:18=>PROTOCOL_CONNECTION_LOST
2018-01-29 09:00:18=> db connected...
2018-01-29 09:00:18=>PROTOCOL_CONNECTION_LOST
2018-01-29 09:00:18=> db connected...
2018-01-29 09:00:18=>PROTOCOL_CONNECTION_LOST
2018-01-29 09:00:18=> db connected...
2018-01-29 09:00:18=>PROTOCOL_CONNECTION_LOST
2018-01-29 09:00:18=> db connected...
2018-01-29 09:00:18=>PROTOCOL_CONNECTION_LOST
2018-01-29 09:00:18=> db connected...
2018-01-29 09:00:18=>PROTOCOL_CONNECTION_LOST
2018-01-29 09:00:18=> db connected...
2018-01-29 09:00:18=>PROTOCOL_CONNECTION_LOST
2018-01-29 09:00:18=> db connected...
2018-01-29 09:00:18=>PROTOCOL_CONNECTION_LOST
2018-01-29 09:00:18=> db connected...
2018-01-29 09:00:18=>PROTOCOL_CONNECTION_LOST
2018-01-29 09:00:18=> db connected...
2018-01-29 09:00:18=>PROTOCOL_CONNECTION_LOST
2018-01-29 09:00:18=> db connected...
2018-01-29 09:00:18=>PROTOCOL_CONNECTION_LOST
2018-01-29 09:00:18=> db connected...
2018-01-29 09:00:18=>PROTOCOL_CONNECTION_LOST
2018-01-29 09:00:18=> db connected...
2018-01-29 09:00:18=>PROTOCOL_CONNECTION_LOST
2018-01-29 09:00:18=> db connected...
2018-01-29 09:00:18=>PROTOCOL_CONNECTION_LOST
2018-01-29 09:00:18=> db connected...
2018-01-29 09:00:18=>PROTOCOL_CONNECTION_LOST
2018-01-29 09:00:18=> db connected...
2018-01-29 09:00:18=>PROTOCOL_CONNECTION_LOST
2018-01-29 09:00:18=> db connected...
2018-01-29 09:00:18=> post/login
phawinee lannawifi
Login id:  58
payload received { id: 58, iat: 1517213785 }
2018-01-29 09:00:18=> get/jobs
2018-01-29 09:00:18=>PROTOCOL_CONNECTION_LOST
2018-01-29 09:00:18=> db connected...
2018-01-29 09:00:18=>PROTOCOL_CONNECTION_LOST
2018-01-29 09:00:18=> db connected...
2018-01-29 09:00:18=> post/login
phawinee lannawifi
Login id:  58
payload received { id: 58, iat: 1517214059 }
2018-01-29 09:00:18=> get/jobs
payload received { id: 58, iat: 1517214059 }
undefined=> post/jobs
2018-01-29 09:00:18
payload received { id: 58, iat: 1517214059 }
2018-01-29 09:00:18=> get/jobs
payload received { id: 58, iat: 1517214059 }
2018-01-29 09:00:18=> post/sign
undefined
Update Account UPDATE account SET mailaddr =?  WHERE id = ?
payload received { id: 58, iat: 1517214059 }
undefined=> post/jobs
2018-01-29 09:00:18
payload received { id: 58, iat: 1517214059 }
2018-01-29 09:00:18=> get/jobs
payload received { id: 58, iat: 1517214059 }
2018-01-29 09:00:18=> post/sign
undefined
Update Account UPDATE account SET mailaddr =?  WHERE id = ?
2018-01-29 09:00:18=>PROTOCOL_CONNECTION_LOST
2018-01-29 09:00:18=> db connected...
2018-01-29 09:00:18=>PROTOCOL_CONNECTION_LOST
2018-01-29 09:00:18=> db connected...
2018-01-29 09:00:18=>PROTOCOL_CONNECTION_LOST
2018-01-29 09:00:18=> db connected...
2018-01-29 09:00:18=>PROTOCOL_CONNECTION_LOST
2018-01-29 09:00:18=> db connected...
2018-01-29 09:00:18=>PROTOCOL_CONNECTION_LOST
2018-01-29 09:00:18=> db connected...
2018-01-29 09:00:18=>PROTOCOL_CONNECTION_LOST
2018-01-29 09:00:18=> db connected...
2018-01-29 09:00:18=>PROTOCOL_CONNECTION_LOST
2018-01-29 09:00:18=> db connected...
2018-01-29 09:00:18=>PROTOCOL_CONNECTION_LOST
2018-01-29 09:00:18=> db connected...
2018-01-29 09:00:18=>PROTOCOL_CONNECTION_LOST
2018-01-29 09:00:18=> db connected...
2018-01-29 09:00:18=>PROTOCOL_CONNECTION_LOST
2018-01-29 09:00:18=> db connected...
2018-01-29 09:00:18=>PROTOCOL_CONNECTION_LOST
2018-01-29 09:00:18=> db connected...
2018-01-29 09:00:18=>PROTOCOL_CONNECTION_LOST
2018-01-29 09:00:18=> db connected...
2018-01-29 09:00:18=>PROTOCOL_CONNECTION_LOST
2018-01-29 09:00:18=> db connected...
2018-01-29 09:00:18=>PROTOCOL_CONNECTION_LOST
2018-01-29 09:00:18=> db connected...
2018-01-29 09:00:18=> post/login
phawinee lannawifi
Login id:  58
payload received { id: 58, iat: 1517215707 }
2018-01-29 09:00:18=> get/jobs
payload received { id: 58, iat: 1517215707 }
2018-01-29 09:00:18=> get/jobs
payload received { id: 58, iat: 1517215707 }
undefined=> post/jobs
2018-01-29 09:00:18
payload received { id: 58, iat: 1517215707 }
2018-01-29 09:00:18=> get/jobs
payload received { id: 58, iat: 1517215707 }
2018-01-29 09:00:18=> post/sign
undefined
Update Account UPDATE account SET mailaddr =?  WHERE id = ?
2018-01-29 09:00:18=>PROTOCOL_CONNECTION_LOST
2018-01-29 09:00:18=> db connected...
payload received { id: 58, iat: 1517215707 }
undefined=> post/jobs
2018-01-29 09:00:18
payload received { id: 58, iat: 1517215707 }
2018-01-29 09:00:18=> get/jobs
payload received { id: 58, iat: 1517215707 }
2018-01-29 09:00:18=> post/sign
undefined
Update Account UPDATE account SET mailaddr =?  WHERE id = ?
2018-01-29 09:00:18=>PROTOCOL_CONNECTION_LOST
2018-01-29 09:00:18=> db connected...
2018-01-29 09:00:18=>PROTOCOL_CONNECTION_LOST
2018-01-29 09:00:18=> db connected...
payload received { id: 58, iat: 1517215707 }
undefined=> post/jobs
2018-01-29 09:00:18
payload received { id: 58, iat: 1517215707 }
2018-01-29 09:00:18=> get/jobs
payload received { id: 58, iat: 1517215707 }
2018-01-29 09:00:18=> post/sign
undefined
Update Account UPDATE account SET mailaddr =?  WHERE id = ?
payload received { id: 58, iat: 1517215707 }
undefined=> post/jobs
2018-01-29 09:00:18
payload received { id: 58, iat: 1517215707 }
2018-01-29 09:00:18=> get/jobs
payload received { id: 58, iat: 1517215707 }
2018-01-29 09:00:18=> post/sign
undefined
Update Account UPDATE account SET mailaddr =?  WHERE id = ?
2018-01-29 09:00:18=>PROTOCOL_CONNECTION_LOST
2018-01-29 09:00:18=> db connected...
2018-01-29 09:00:18=>PROTOCOL_CONNECTION_LOST
2018-01-29 09:00:18=> db connected...
2018-01-29 09:00:18=>PROTOCOL_CONNECTION_LOST
2018-01-29 09:00:18=> db connected...
2018-01-29 09:00:18=>PROTOCOL_CONNECTION_LOST
2018-01-29 09:00:18=> db connected...
2018-01-29 09:00:18=> post/login
phawinee lannawifi
Login id:  58
payload received { id: 58, iat: 1517216858 }
2018-01-29 09:00:18=> get/jobs
payload received { id: 58, iat: 1517216858 }
2018-01-29 09:00:18=> get/jobs
payload received { id: 58, iat: 1517216858 }
2018-01-29 09:00:18=> get/jobs
payload received { id: 58, iat: 1517216858 }
undefined=> post/jobs
2018-01-29 09:00:18
